
Sat May  8 01:23:30 2021:
Segmentation error has happened.
Sat May  8 01:23:50 2021:
Segmentation error has happened.
Sat May  8 01:23:58 2021:
Segmentation error has happened.
Sat May  8 01:24:01 2021:
Segmentation error has happened.
Sat May  8 01:24:50 2021:
Segmentation error has happened.
Sat May  8 01:25:05 2021:
Segmentation error has happened.
Sat May  8 01:25:28 2021:
Segmentation error has happened.
Sat May  8 01:26:22 2021:
Segmentation error has happened.
Sat May  8 01:27:00 2021:
Segmentation error has happened.
Sat May  8 01:27:15 2021:
Segmentation error has happened.
Sat May  8 01:27:28 2021:
Segmentation error has happened.
Thu May 20 23:20:34 2021:
Segmentation error has happened.
Thu May 20 23:39:05 2021:
Segmentation error has happened.
Fri May 21 00:00:00 2021:
Segmentation error has happened.
Fri May 21 00:00:05 2021:
Segmentation error has happened.
Fri May 21 00:00:18 2021:
Segmentation error has happened.
Fri May 21 00:00:44 2021:
Segmentation error has happened.
Fri May 21 00:01:08 2021:
Segmentation error has happened.
Fri May 21 00:02:18 2021:
Segmentation error has happened.
Fri May 21 00:02:48 2021:
Segmentation error has happened.
Fri May 21 01:35:13 2021:
Segmentation error has happened.
Fri May 21 01:36:25 2021:
Segmentation error has happened.
Fri May 21 01:37:49 2021:
Segmentation error has happened.
Fri May 21 02:02:52 2021:
Segmentation error has happened.
Fri May 21 02:04:44 2021:
Segmentation error has happened.
Fri May 21 02:05:04 2021:
Segmentation error has happened.
Fri May 21 02:05:11 2021:
Segmentation error has happened.
Fri May 21 02:07:00 2021:
Segmentation error has happened.
Fri May 21 02:07:21 2021:
Segmentation error has happened.
Fri May 21 02:07:53 2021:
Segmentation error has happened.
Fri May 21 02:08:24 2021:
Segmentation error has happened.
Fri May 21 23:37:40 2021:
Abort has happened.
Sat May 22 13:10:19 2021:
Segmentation error has happened.
Sun May 23 13:16:43 2021:
Abort has happened.
